<?xml version="1.0" encoding="UTF-8"?>
<!-- Generated by org.testng.reporters.JUnitXMLReporter -->
<testsuite ignored="0" hostname="PROVINCE-DEV-03" failures="0" tests="3" name="Personal Loan" time="0.191" errors="0" timestamp="2026-02-17T07:44:30 IST">
  <testcase classname="testng1.Test1" name="testData" time="0.026"/>
  <testcase classname="testng1.Test1" name="testData2" time="0.005"/>
  <testcase classname="testng1.Test2" name="test3" time="0.004"/>
</testsuite> <!-- Personal Loan -->
