<?xml version="1.0" encoding="UTF-8"?>
<!-- Generated by org.testng.reporters.JUnitXMLReporter -->
<testsuite ignored="4" hostname="PROVINCE-DEV-03" failures="0" tests="2" name="Test2" time="0.116" errors="0" timestamp="2026-02-20T07:37:33 IST">
  <testcase classname="login.MobileLoginPage" name="mobileLoginCrystal" time="0.012"/>
  <testcase classname="login.MobileLoginPage" name="mobileLoginMundo" time="0.001"/>
  <testcase classname="login.WebLogin" name="webLoginCrystal" time="0.0">
    <ignored/>
  </testcase> <!-- webLoginCrystal -->
  <testcase classname="login.WebLogin" name="webLoginMundo" time="0.0">
    <ignored/>
  </testcase> <!-- webLoginMundo -->
  <testcase classname="login.WebLogin" name="webLoginAll" time="0.0">
    <ignored/>
  </testcase> <!-- webLoginAll -->
  <testcase classname="login.WebLogin" name="webLoginWorldAirtFare" time="0.0">
    <ignored/>
  </testcase> <!-- webLoginWorldAirtFare -->
</testsuite> <!-- Test2 -->
