<?xml version="1.0" encoding="UTF-8"?>
<!-- Generated by org.testng.reporters.JUnitXMLReporter -->
<testsuite ignored="2" hostname="PROVINCE-DEV-03" failures="0" tests="3" name="Test" time="0.085" errors="0" timestamp="2025-07-13T20:50:40 IST">
  <testcase classname="Testng1" name="defun2" time="0.013"/>
  <testcase classname="Testng2" name="getdata" time="0.001"/>
  <testcase classname="Testng2" name="getdata2" time="0.002"/>
  <testcase classname="Testng1" name="defFun" time="0.0">
    <ignored/>
  </testcase> <!-- defFun -->
  <testcase classname="Testng1" name="defun3" time="0.0">
    <ignored/>
  </testcase> <!-- defun3 -->
</testsuite> <!-- Test -->
