<?xml version="1.0" encoding="UTF-8"?>
<testng-results ignored="0" total="3" passed="3" failed="0" skipped="0">
  <reporter-output>
  </reporter-output>
  <suite started-at="2026-02-17T07:44:30 IST" name="Loan" finished-at="2026-02-17T07:44:30 IST" duration-ms="191">
    <groups>
    </groups>
    <test started-at="2026-02-17T07:44:30 IST" name="Personal Loan" finished-at="2026-02-17T07:44:30 IST" duration-ms="191">
      <class name="testng1.Test2">
        <test-method signature="test3()[pri:0, instance:testng1.Test2@4b45a2f5]" started-at="2026-02-17T07:44:30 IST" name="test3" finished-at="2026-02-17T07:44:30 IST" duration-ms="4" status="PASS">
          <reporter-output>
          </reporter-output>
        </test-method> <!-- test3 -->
      </class> <!-- testng1.Test2 -->
      <class name="testng1.Test1">
        <test-method signature="testData()[pri:0, instance:testng1.Test1@2e6a8155]" started-at="2026-02-17T07:44:30 IST" name="testData" finished-at="2026-02-17T07:44:30 IST" duration-ms="26" status="PASS">
          <reporter-output>
          </reporter-output>
        </test-method> <!-- testData -->
        <test-method signature="testData2()[pri:0, instance:testng1.Test1@2e6a8155]" started-at="2026-02-17T07:44:30 IST" name="testData2" finished-at="2026-02-17T07:44:30 IST" duration-ms="5" status="PASS">
          <reporter-output>
          </reporter-output>
        </test-method> <!-- testData2 -->
      </class> <!-- testng1.Test1 -->
    </test> <!-- Personal Loan -->
  </suite> <!-- Loan -->
</testng-results>
