<?xml version="1.0" encoding="UTF-8"?>
<!-- Generated by org.testng.reporters.JUnitXMLReporter -->
<testsuite ignored="1" hostname="PROVINCE-DEV-03" failures="0" tests="10" name="Test3" time="0.133" errors="0" timestamp="2026-02-20T07:40:41 IST">
  <testcase classname="testNG2.test3" name="test_3" time="0.016"/>
  <testcase classname="testNG2.test3" name="test_4" time="0.002"/>
  <testcase classname="login.MobileLoginPage" name="mobileLoginMundo" time="0.002"/>
  <testcase classname="login.WebLogin" name="webLoginAll" time="0.002"/>
  <testcase classname="login.WebLogin" name="webLoginCrystal" time="0.001"/>
  <testcase classname="login.WebLogin" name="webLoginMundo" time="0.001"/>
  <testcase classname="login.WebLogin" name="webLoginWorldAirtFare" time="0.002"/>
  <testcase classname="testng1.Test2" name="test3" time="0.001"/>
  <testcase classname="testng1.Test1" name="testData" time="0.001"/>
  <testcase classname="testng1.Test1" name="testData2" time="0.001"/>
  <testcase classname="login.MobileLoginPage" name="mobileLoginCrystal" time="0.0">
    <ignored/>
  </testcase> <!-- mobileLoginCrystal -->
</testsuite> <!-- Test3 -->
