<?xml version="1.0" encoding="UTF-8"?>
<!-- Generated by org.testng.reporters.JUnitXMLReporter -->
<testsuite ignored="0" hostname="PROVINCE-DEV-03" failures="0" tests="5" name="Test" time="0.067" errors="0" timestamp="2026-02-19T07:07:49 IST">
  <testcase classname="testNG2.test3" name="test_3" time="0.01"/>
  <testcase classname="testNG2.test3" name="test_4" time="0.001"/>
  <testcase classname="testng1.Test2" name="test3" time="0.001"/>
  <testcase classname="testng1.Test1" name="testData" time="0.001"/>
  <testcase classname="testng1.Test1" name="testData2" time="0.001"/>
</testsuite> <!-- Test -->
