<?xml version="1.0" encoding="UTF-8"?>
<!-- Generated by org.testng.reporters.JUnitXMLReporter -->
<testsuite ignored="0" hostname="PROVINCE-DEV-03" failures="0" tests="6" name="WebPhone" time="0.022" errors="0" timestamp="2026-02-20T07:38:51 IST">
  <testcase classname="login.MobileLoginPage" name="mobileLoginCrystal" time="0.002"/>
  <testcase classname="login.MobileLoginPage" name="mobileLoginMundo" time="0.002"/>
  <testcase classname="login.WebLogin" name="webLoginAll" time="0.001"/>
  <testcase classname="login.WebLogin" name="webLoginCrystal" time="0.0"/>
  <testcase classname="login.WebLogin" name="webLoginMundo" time="0.001"/>
  <testcase classname="login.WebLogin" name="webLoginWorldAirtFare" time="0.001"/>
</testsuite> <!-- WebPhone -->
