<?xml version="1.0" encoding="UTF-8"?>
<!-- Generated by org.testng.reporters.JUnitXMLReporter -->
<testsuite ignored="0" hostname="PROVINCE-DEV-03" failures="0" tests="7" name="Test2" time="0.099" errors="0" timestamp="2025-07-13T20:50:53 IST">
  <testcase classname="Testng3" name="MostRUns" time="0.018"/>
  <testcase classname="Testng3" name="getRuns" time="0.002"/>
  <testcase classname="Testng1" name="defFun" time="0.001"/>
  <testcase classname="Testng1" name="defun2" time="0.001"/>
  <testcase classname="Testng1" name="defun3" time="0.001"/>
  <testcase classname="Testng2" name="getdata" time="0.002"/>
  <testcase classname="Testng2" name="getdata2" time="0.002"/>
</testsuite> <!-- Test2 -->
