<?xml version="1.0" encoding="UTF-8"?>
<!-- Generated by org.testng.reporters.JUnitXMLReporter -->
<testsuite ignored="3" hostname="PROVINCE-DEV-03" failures="0" tests="6" name="Test3" time="0.11" errors="0" timestamp="2025-07-13T21:12:32 IST">
  <testcase classname="Testng3" name="getRuns" time="0.025"/>
  <testcase classname="Testng1" name="defFun" time="0.002"/>
  <testcase classname="Testng1" name="defun2" time="0.001"/>
  <testcase classname="Testng1" name="defun3" time="0.002"/>
  <testcase classname="Testng2" name="getdata" time="0.001"/>
  <testcase classname="Testng2" name="getdata2" time="0.002"/>
  <testcase classname="Testng3" name="MostRUns" time="0.0">
    <ignored/>
  </testcase> <!-- MostRUns -->
  <testcase classname="Testng3" name="MostRUnsCricket" time="0.0">
    <ignored/>
  </testcase> <!-- MostRUnsCricket -->
  <testcase classname="Testng3" name="MostRUnsBaseball" time="0.0">
    <ignored/>
  </testcase> <!-- MostRUnsBaseball -->
</testsuite> <!-- Test3 -->
