<?xml version="1.0" encoding="UTF-8"?>
<testng-results ignored="3" total="9" passed="6" failed="0" skipped="0">
  <reporter-output>
  </reporter-output>
  <suite started-at="2025-07-13T21:12:32 IST" name="Suite2" finished-at="2025-07-13T21:12:32 IST" duration-ms="110">
    <groups>
    </groups>
    <test started-at="2025-07-13T21:12:32 IST" name="Test3" finished-at="2025-07-13T21:12:32 IST" duration-ms="110">
      <class name="Testng3">
        <test-method signature="getRuns()[pri:0, instance:Testng3@82de64a]" started-at="2025-07-13T21:12:32 IST" name="getRuns" finished-at="2025-07-13T21:12:32 IST" duration-ms="25" status="PASS">
          <reporter-output>
          </reporter-output>
        </test-method> <!-- getRuns -->
      </class> <!-- Testng3 -->
      <class name="Testng2">
        <test-method signature="getdata()[pri:0, instance:Testng2@428640fa]" started-at="2025-07-13T21:12:32 IST" name="getdata" finished-at="2025-07-13T21:12:32 IST" duration-ms="1" status="PASS">
          <reporter-output>
          </reporter-output>
        </test-method> <!-- getdata -->
        <test-method signature="getdata2()[pri:0, instance:Testng2@428640fa]" started-at="2025-07-13T21:12:32 IST" name="getdata2" finished-at="2025-07-13T21:12:32 IST" duration-ms="2" status="PASS">
          <reporter-output>
          </reporter-output>
        </test-method> <!-- getdata2 -->
      </class> <!-- Testng2 -->
      <class name="Testng1">
        <test-method signature="defFun()[pri:0, instance:Testng1@4c1909a3]" started-at="2025-07-13T21:12:32 IST" name="defFun" finished-at="2025-07-13T21:12:32 IST" duration-ms="2" status="PASS">
          <reporter-output>
          </reporter-output>
        </test-method> <!-- defFun -->
        <test-method signature="defun2()[pri:0, instance:Testng1@4c1909a3]" started-at="2025-07-13T21:12:32 IST" name="defun2" finished-at="2025-07-13T21:12:32 IST" duration-ms="1" status="PASS">
          <reporter-output>
          </reporter-output>
        </test-method> <!-- defun2 -->
        <test-method signature="defun3()[pri:0, instance:Testng1@4c1909a3]" started-at="2025-07-13T21:12:32 IST" name="defun3" finished-at="2025-07-13T21:12:32 IST" duration-ms="2" status="PASS">
          <reporter-output>
          </reporter-output>
        </test-method> <!-- defun3 -->
      </class> <!-- Testng1 -->
    </test> <!-- Test3 -->
  </suite> <!-- Suite2 -->
</testng-results>
