<?xml version="1.0" encoding="UTF-8"?>
<!-- Generated by org.testng.reporters.JUnitReportReporter -->
<testsuite hostname="PROVINCE-DEV-03" failures="0" tests="4" name="login.WebLogin" time="0.006" errors="0" timestamp="2026-02-20T07:40:41 IST" skipped="0">
  <testcase classname="login.WebLogin" name="webLoginMundo" time="0.001"/>
  <testcase classname="login.WebLogin" name="webLoginAll" time="0.002"/>
  <testcase classname="login.WebLogin" name="webLoginCrystal" time="0.001"/>
  <testcase classname="login.WebLogin" name="webLoginWorldAirtFare" time="0.002"/>
</testsuite> <!-- login.WebLogin -->
